C51 COMPILER V8.02   MAIN                                                                  01/31/2018 14:51:45 PAGE 1   


C51 COMPILER V8.02, COMPILATION OF MODULE MAIN
OBJECT MODULE PLACED IN ..\HEX\main.obj
COMPILER INVOKED BY: C:\Keil\C51\BIN\C51.EXE ..\code\main.c LARGE BROWSE DEBUG OBJECTEXTEND PRINT(.\main.lst) TABS(2) OB
                    -JECT(..\HEX\main.obj)

line level    source

   1          #include "STC15Fxxxx.H"
   2          #include "RFIDSERIAL.h"
   3          #include "public.h"
   4          
   5          sfr IAP_CON=0XC7;
   6          
   7          void main(void)
   8          {
   9   1         UartInit4();
  10   1         UartInit3();
  11   1         UartInit2();//初始化串口
  12   1         UartInit1();//初始化串口
  13   1        // Must_Modify();
  14   1        
  15   1         while(1)
  16   1         {
  17   2          // if(!(P3&0x01))  IAP_CON=0X60;//占用资源厉害
  18   2         }
  19   1      }


MODULE INFORMATION:   STATIC OVERLAYABLE
   CODE SIZE        =     14    ----
   CONSTANT SIZE    =   ----    ----
   XDATA SIZE       =   ----    ----
   PDATA SIZE       =   ----    ----
   DATA SIZE        =   ----    ----
   IDATA SIZE       =   ----    ----
   BIT SIZE         =   ----    ----
END OF MODULE INFORMATION.


C51 COMPILATION COMPLETE.  0 WARNING(S),  0 ERROR(S)
